08-03-2016 @ 14:54:00 - Queuing 2.6.0 - wc_update_260_options
08-03-2016 @ 14:54:00 - Queuing 2.6.0 - wc_update_260_termmeta
08-03-2016 @ 14:54:00 - Queuing 2.6.0 - wc_update_260_zones
08-03-2016 @ 14:54:00 - Queuing 2.6.0 - wc_update_260_zone_methods
08-03-2016 @ 14:54:00 - Queuing 2.6.0 - wc_update_260_refunds
08-03-2016 @ 14:54:00 - Queuing 2.6.0 - wc_update_260_db_version
08-03-2016 @ 14:54:01 - Unable to dispatch WooCommerce updater: Operation timed out after 1000 milliseconds with 0 bytes received
08-03-2016 @ 14:54:02 - Running wc_update_260_options callback
08-03-2016 @ 14:54:02 - Finished wc_update_260_options callback
08-03-2016 @ 14:54:02 - Running wc_update_260_termmeta callback
08-03-2016 @ 14:54:03 - Finished wc_update_260_termmeta callback
08-03-2016 @ 14:54:03 - Running wc_update_260_zones callback
08-03-2016 @ 14:54:03 - Finished wc_update_260_zones callback
08-03-2016 @ 14:54:03 - Running wc_update_260_zone_methods callback
08-03-2016 @ 14:54:03 - Finished wc_update_260_zone_methods callback
08-03-2016 @ 14:54:03 - Running wc_update_260_refunds callback
08-03-2016 @ 14:54:03 - Finished wc_update_260_refunds callback
08-03-2016 @ 14:54:03 - Running wc_update_260_db_version callback
08-03-2016 @ 14:54:03 - Finished wc_update_260_db_version callback
08-03-2016 @ 14:54:03 - Data update complete
