08-03-2016 @ 14:54:00 - Queuing 2.6.0 - wc_update_260_options
08-03-2016 @ 14:54:00 - Queuing 2.6.0 - wc_update_260_termmeta
08-03-2016 @ 14:54:00 - Queuing 2.6.0 - wc_update_260_zones
08-03-2016 @ 14:54:00 - Queuing 2.6.0 - wc_update_260_zone_methods
08-03-2016 @ 14:54:00 - Queuing 2.6.0 - wc_update_260_refunds
08-03-2016 @ 14:54:00 - Queuing 2.6.0 - wc_update_260_db_version
08-03-2016 @ 14:54:01 - Unable to dispatch WooCommerce updater: Operation timed out after 1000 milliseconds with 0 bytes received
08-03-2016 @ 14:54:02 - Running wc_update_260_options callback
08-03-2016 @ 14:54:02 - Finished wc_update_260_options callback
08-03-2016 @ 14:54:02 - Running wc_update_260_termmeta callback
08-03-2016 @ 14:54:03 - Finished wc_update_260_termmeta callback
08-03-2016 @ 14:54:03 - Running wc_update_260_zones callback
08-03-2016 @ 14:54:03 - Finished wc_update_260_zones callback
08-03-2016 @ 14:54:03 - Running wc_update_260_zone_methods callback
08-03-2016 @ 14:54:03 - Finished wc_update_260_zone_methods callback
08-03-2016 @ 14:54:03 - Running wc_update_260_refunds callback
08-03-2016 @ 14:54:03 - Finished wc_update_260_refunds callback
08-03-2016 @ 14:54:03 - Running wc_update_260_db_version callback
08-03-2016 @ 14:54:03 - Finished wc_update_260_db_version callback
08-03-2016 @ 14:54:03 - Data update complete
2017-11-28T09:38:14+00:00 INFO Queuing 3.0.0 - wc_update_300_webhooks
2017-11-28T09:38:14+00:00 INFO Queuing 3.0.0 - wc_update_300_grouped_products
2017-11-28T09:38:14+00:00 INFO Queuing 3.0.0 - wc_update_300_settings
2017-11-28T09:38:14+00:00 INFO Queuing 3.0.0 - wc_update_300_product_visibility
2017-11-28T09:38:14+00:00 INFO Queuing 3.0.0 - wc_update_300_db_version
2017-11-28T09:38:14+00:00 INFO Queuing 3.1.0 - wc_update_310_downloadable_products
2017-11-28T09:38:14+00:00 INFO Queuing 3.1.0 - wc_update_310_old_comments
2017-11-28T09:38:14+00:00 INFO Queuing 3.1.0 - wc_update_310_db_version
2017-11-28T09:38:14+00:00 INFO Queuing 3.1.2 - wc_update_312_shop_manager_capabilities
2017-11-28T09:38:14+00:00 INFO Queuing 3.1.2 - wc_update_312_db_version
2017-11-28T09:38:14+00:00 INFO Queuing 3.2.0 - wc_update_320_mexican_states
2017-11-28T09:38:14+00:00 INFO Queuing 3.2.0 - wc_update_320_db_version
2017-11-28T09:38:23+00:00 INFO Queuing 3.0.0 - wc_update_300_webhooks
2017-11-28T09:38:23+00:00 INFO Queuing 3.0.0 - wc_update_300_grouped_products
2017-11-28T09:38:23+00:00 INFO Queuing 3.0.0 - wc_update_300_settings
2017-11-28T09:38:23+00:00 INFO Queuing 3.0.0 - wc_update_300_product_visibility
2017-11-28T09:38:23+00:00 INFO Queuing 3.0.0 - wc_update_300_db_version
2017-11-28T09:38:23+00:00 INFO Queuing 3.1.0 - wc_update_310_downloadable_products
2017-11-28T09:38:23+00:00 INFO Queuing 3.1.0 - wc_update_310_old_comments
2017-11-28T09:38:23+00:00 INFO Queuing 3.1.0 - wc_update_310_db_version
2017-11-28T09:38:23+00:00 INFO Queuing 3.1.2 - wc_update_312_shop_manager_capabilities
2017-11-28T09:38:23+00:00 INFO Queuing 3.1.2 - wc_update_312_db_version
2017-11-28T09:38:23+00:00 INFO Queuing 3.2.0 - wc_update_320_mexican_states
2017-11-28T09:38:23+00:00 INFO Queuing 3.2.0 - wc_update_320_db_version
2017-11-28T09:38:28+00:00 INFO Running wc_update_300_webhooks callback
2017-11-28T09:38:28+00:00 INFO Finished wc_update_300_webhooks callback
2017-11-28T09:38:28+00:00 INFO Running wc_update_300_grouped_products callback
2017-11-28T09:38:28+00:00 INFO Finished wc_update_300_grouped_products callback
2017-11-28T09:38:28+00:00 INFO Running wc_update_300_settings callback
2017-11-28T09:38:28+00:00 INFO Finished wc_update_300_settings callback
2017-11-28T09:38:28+00:00 INFO Running wc_update_300_product_visibility callback
2017-11-28T09:38:28+00:00 INFO Finished wc_update_300_product_visibility callback
2017-11-28T09:38:28+00:00 INFO Running wc_update_300_db_version callback
2017-11-28T09:38:28+00:00 INFO Finished wc_update_300_db_version callback
2017-11-28T09:38:28+00:00 INFO Running wc_update_310_downloadable_products callback
2017-11-28T09:38:28+00:00 INFO Finished wc_update_310_downloadable_products callback
2017-11-28T09:38:28+00:00 INFO Running wc_update_310_old_comments callback
2017-11-28T09:38:28+00:00 INFO Finished wc_update_310_old_comments callback
2017-11-28T09:38:28+00:00 INFO Running wc_update_310_db_version callback
2017-11-28T09:38:28+00:00 INFO Finished wc_update_310_db_version callback
2017-11-28T09:38:28+00:00 INFO Running wc_update_312_shop_manager_capabilities callback
2017-11-28T09:38:28+00:00 INFO Finished wc_update_312_shop_manager_capabilities callback
2017-11-28T09:38:28+00:00 INFO Running wc_update_312_db_version callback
2017-11-28T09:38:28+00:00 INFO Finished wc_update_312_db_version callback
2017-11-28T09:38:28+00:00 INFO Running wc_update_320_mexican_states callback
2017-11-28T09:38:28+00:00 INFO Finished wc_update_320_mexican_states callback
2017-11-28T09:38:28+00:00 INFO Running wc_update_320_db_version callback
2017-11-28T09:38:28+00:00 INFO Finished wc_update_320_db_version callback
2017-11-28T09:38:28+00:00 INFO Running wc_update_300_webhooks callback
2017-11-28T09:38:28+00:00 INFO Finished wc_update_300_webhooks callback
2017-11-28T09:38:28+00:00 INFO Running wc_update_300_grouped_products callback
2017-11-28T09:38:28+00:00 INFO Finished wc_update_300_grouped_products callback
2017-11-28T09:38:28+00:00 INFO Running wc_update_300_settings callback
2017-11-28T09:38:28+00:00 INFO Finished wc_update_300_settings callback
2017-11-28T09:38:28+00:00 INFO Running wc_update_300_product_visibility callback
2017-11-28T09:38:28+00:00 INFO Finished wc_update_300_product_visibility callback
2017-11-28T09:38:28+00:00 INFO Running wc_update_300_db_version callback
2017-11-28T09:38:28+00:00 INFO Finished wc_update_300_db_version callback
2017-11-28T09:38:28+00:00 INFO Running wc_update_310_downloadable_products callback
2017-11-28T09:38:28+00:00 INFO Finished wc_update_310_downloadable_products callback
2017-11-28T09:38:28+00:00 INFO Running wc_update_310_old_comments callback
2017-11-28T09:38:28+00:00 INFO Finished wc_update_310_old_comments callback
2017-11-28T09:38:28+00:00 INFO Running wc_update_310_db_version callback
2017-11-28T09:38:28+00:00 INFO Finished wc_update_310_db_version callback
2017-11-28T09:38:28+00:00 INFO Running wc_update_312_shop_manager_capabilities callback
2017-11-28T09:38:28+00:00 INFO Finished wc_update_312_shop_manager_capabilities callback
2017-11-28T09:38:28+00:00 INFO Running wc_update_312_db_version callback
2017-11-28T09:38:28+00:00 INFO Finished wc_update_312_db_version callback
2017-11-28T09:38:28+00:00 INFO Running wc_update_320_mexican_states callback
2017-11-28T09:38:28+00:00 INFO Finished wc_update_320_mexican_states callback
2017-11-28T09:38:28+00:00 INFO Running wc_update_320_db_version callback
2017-11-28T09:38:28+00:00 INFO Finished wc_update_320_db_version callback
2017-11-28T09:38:28+00:00 INFO Data update complete
2017-11-28T09:38:28+00:00 INFO Queuing 3.0.0 - wc_update_300_webhooks
2017-11-28T09:38:28+00:00 INFO Queuing 3.0.0 - wc_update_300_grouped_products
2017-11-28T09:38:28+00:00 INFO Queuing 3.0.0 - wc_update_300_settings
2017-11-28T09:38:28+00:00 INFO Queuing 3.0.0 - wc_update_300_product_visibility
2017-11-28T09:38:28+00:00 INFO Queuing 3.0.0 - wc_update_300_db_version
2017-11-28T09:38:28+00:00 INFO Queuing 3.1.0 - wc_update_310_downloadable_products
2017-11-28T09:38:28+00:00 INFO Queuing 3.1.0 - wc_update_310_old_comments
2017-11-28T09:38:28+00:00 INFO Queuing 3.1.0 - wc_update_310_db_version
2017-11-28T09:38:28+00:00 INFO Queuing 3.1.2 - wc_update_312_shop_manager_capabilities
2017-11-28T09:38:28+00:00 INFO Queuing 3.1.2 - wc_update_312_db_version
2017-11-28T09:38:28+00:00 INFO Queuing 3.2.0 - wc_update_320_mexican_states
2017-11-28T09:38:28+00:00 INFO Queuing 3.2.0 - wc_update_320_db_version
2017-11-28T09:38:29+00:00 INFO Running wc_update_300_webhooks callback
2017-11-28T09:38:29+00:00 INFO Finished wc_update_300_webhooks callback
2017-11-28T09:38:29+00:00 INFO Running wc_update_300_grouped_products callback
2017-11-28T09:38:29+00:00 INFO Finished wc_update_300_grouped_products callback
2017-11-28T09:38:29+00:00 INFO Running wc_update_300_settings callback
2017-11-28T09:38:29+00:00 INFO Finished wc_update_300_settings callback
2017-11-28T09:38:29+00:00 INFO Running wc_update_300_product_visibility callback
2017-11-28T09:38:29+00:00 INFO Finished wc_update_300_product_visibility callback
2017-11-28T09:38:29+00:00 INFO Running wc_update_300_db_version callback
2017-11-28T09:38:29+00:00 INFO Finished wc_update_300_db_version callback
2017-11-28T09:38:29+00:00 INFO Running wc_update_310_downloadable_products callback
2017-11-28T09:38:29+00:00 INFO Finished wc_update_310_downloadable_products callback
2017-11-28T09:38:29+00:00 INFO Running wc_update_310_old_comments callback
2017-11-28T09:38:29+00:00 INFO Finished wc_update_310_old_comments callback
2017-11-28T09:38:29+00:00 INFO Running wc_update_310_db_version callback
2017-11-28T09:38:29+00:00 INFO Finished wc_update_310_db_version callback
2017-11-28T09:38:29+00:00 INFO Running wc_update_312_shop_manager_capabilities callback
2017-11-28T09:38:29+00:00 INFO Finished wc_update_312_shop_manager_capabilities callback
2017-11-28T09:38:29+00:00 INFO Running wc_update_312_db_version callback
2017-11-28T09:38:29+00:00 INFO Finished wc_update_312_db_version callback
2017-11-28T09:38:29+00:00 INFO Running wc_update_320_mexican_states callback
2017-11-28T09:38:29+00:00 INFO Finished wc_update_320_mexican_states callback
2017-11-28T09:38:29+00:00 INFO Running wc_update_320_db_version callback
2017-11-28T09:38:29+00:00 INFO Finished wc_update_320_db_version callback
2017-11-28T09:38:29+00:00 INFO Data update complete
